Conversion STEP vers Solid Edge
Date: vendredi,août 30,2024 04:05
Fichier source: C:\Users\valen\Documents\GitHub\keyboard_fclub\fclub\blank_for_remixing.step
Auteur: mobile
Organisation: Shapr3D Limited
Système source: Shapr3D

Matériel:
Processeur: AMD Ryzen 5 3600 6-Core Processor              
Système d'exploitation: Windows 10
Mémoire installée: 15.93 GB

Informations sur le logiciel
Version de Parasolid: 31.1.255
Version de PSBodyShop: 31.1.110
Version de l'adaptateur Step: 5.0.48
Version de Solid Edge: 220.00.00.104 x64

Options d'importation STEP
Importer les corps à facettes : Actif
Importer les corps de vérification : Désactivé
Importer les courbes : Actif
Importer ce qu'il ne faut pas enregistrer : Actif
Importer plusieurs corps en tant qu'un seul fichier pièce : Actif
Importer les surfaces cousues : Actif
Importer les solides booléens : Actif
Créer fonction technologique de base: Actif
Simplifier géométrie: Actif
Importer les courbes de gravure : Actif
Importer le guide : C:
Importer les surfaces cousues : Actif
Importer les surfaces : Actif
Importer le chemin en sortie : C:\Users\valen\Documents\GitHub\keyboard_fclub\fclub
Importer la possibilité de chemin de sortie par défaut : Actif
Importer PMI: Désactivé.
Importer le chemin : 

Conversion vers les types de données Parasolid...
Placement de C:\Users\valen\Documents\GitHub\keyboard_fclub\fclub\root.par en cours
Fin de  l'opération de conversion
Temps total nécessaire à la conversion et au post-traitement:00 : 00 : 01
