STL translation to Solid Edge
Date: vendredi,août 30,2024 03:24
Fichier source:C:\Users\valen\Documents\GitHub\keyboard_fclub\fclub\Keycaps Naruto .STL
Auteur: Inconnu
Organisation: Inconnu
Système source: DEX

Matériel:
Processeur: AMD Ryzen 5 3600 6-Core Processor              
Système d'exploitation: Windows 10
Mémoire installée: 15,93 GB

Informations logiciel:
Version de Parasolid: 31.1.255
Version de PSBodyshop: 31.1.110
Version de Solid Edge: 220.00.00.104 x64

STL Import Options
Réparer les défauts de maillage:Off
En faire la fonction de base:On
Activer le fichier journal: On

Progression de la conversion:
Processus de conversion terminé
Durée nécessaire pour la conversion:00 : 00 : 00
